<?xml version="1.0" encoding="UTF-8"?>
<!-- Generated by org.testng.reporters.JUnitXMLReporter -->
<testsuite ignored="0" hostname="DESKTOP-FMKHIRB" failures="0" tests="7" name="Surefire test" time="12.109" errors="0" timestamp="2022-04-30T08:01:10 EET">
  <testcase classname="interviewProject.testTaskFourUploadingImageTest" name="@BeforeTest initialize" time="1.36">
    <failure type="org.openqa.selenium.NoSuchWindowException" message="no such window: target window already closed
from unknown error: web view not found
  (Session info: chrome=100.0.4896.127)
Build info: version: &amp;apos;4.1.3&amp;apos;, revision: &amp;apos;7b1ebf28ef&amp;apos;
System info: host: &amp;apos;DESKTOP-FMKHIRB&amp;apos;, ip: &amp;apos;192.168.1.2&amp;apos;, os.name: &amp;apos;Windows 10&amp;apos;, os.arch: &amp;apos;amd64&amp;apos;, os.version: &amp;apos;10.0&amp;apos;, java.version: &amp;apos;17.0.2&amp;apos;
Driver info: org.openqa.selenium.chrome.ChromeDriver
Command: [2ffeffbc89e8b66801d15d6c10266e14, get {url=http://the-internet.herokuapp.com/upload}]
Capabilities {acceptInsecureCerts: false, browserName: chrome, browserVersion: 100.0.4896.127, chrome: {chromedriverVersion: 100.0.4896.60 (6a5d10861ce8..., userDataDir: C:\Users\ok\AppData\Local\T...}, goog:chromeOptions: {debuggerAddress: localhost:58315}, javascriptEnabled: true, networkConnectionEnabled: false, pageLoadStrategy: normal, platform: WINDOWS, platformName: WINDOWS, proxy: Proxy(), se:cdp: ws://localhost:58315/devtoo..., se:cdpVersion: 100.0.4896.127, setWindowRect: true, strictFileInteractability: false, timeouts: {implicit: 0, pageLoad: 300000, script: 30000}, unhandledPromptBehavior: dismiss and notify, webauthn:extension:credBlob: true, webauthn:extension:largeBlob: true, webauthn:virtualAuthenticators: true}
Session ID: 2ffeffbc89e8b66801d15d6c10266e14">
      <![CDATA[org.openqa.selenium.NoSuchWindowException: no such window: target window already closed
from unknown error: web view not found
  (Session info: chrome=100.0.4896.127)
Build info: version: '4.1.3', revision: '7b1ebf28ef'
System info: host: 'DESKTOP-FMKHIRB', ip: '192.168.1.2', os.name: 'Windows 10', os.arch: 'amd64', os.version: '10.0', java.version: '17.0.2'
Driver info: org.openqa.selenium.chrome.ChromeDriver
Command: [2ffeffbc89e8b66801d15d6c10266e14, get {url=http://the-internet.herokuapp.com/upload}]
Capabilities {acceptInsecureCerts: false, browserName: chrome, browserVersion: 100.0.4896.127, chrome: {chromedriverVersion: 100.0.4896.60 (6a5d10861ce8..., userDataDir: C:\Users\ok\AppData\Local\T...}, goog:chromeOptions: {debuggerAddress: localhost:58315}, javascriptEnabled: true, networkConnectionEnabled: false, pageLoadStrategy: normal, platform: WINDOWS, platformName: WINDOWS, proxy: Proxy(), se:cdp: ws://localhost:58315/devtoo..., se:cdpVersion: 100.0.4896.127, setWindowRect: true, strictFileInteractability: false, timeouts: {implicit: 0, pageLoad: 300000, script: 30000}, unhandledPromptBehavior: dismiss and notify, webauthn:extension:credBlob: true, webauthn:extension:largeBlob: true, webauthn:virtualAuthenticators: true}
Session ID: 2ffeffbc89e8b66801d15d6c10266e14
at org.openqa.selenium.remote.codec.w3c.W3CHttpResponseCodec.createException(W3CHttpResponseCodec.java:200)
at org.openqa.selenium.remote.codec.w3c.W3CHttpResponseCodec.decode(W3CHttpResponseCodec.java:133)
at org.openqa.selenium.remote.codec.w3c.W3CHttpResponseCodec.decode(W3CHttpResponseCodec.java:53)
at org.openqa.selenium.remote.HttpCommandExecutor.execute(HttpCommandExecutor.java:184)
at org.openqa.selenium.remote.service.DriverCommandExecutor.invokeExecute(DriverCommandExecutor.java:167)
at org.openqa.selenium.remote.service.DriverCommandExecutor.execute(DriverCommandExecutor.java:142)
at org.openqa.selenium.remote.RemoteWebDriver.execute(RemoteWebDriver.java:567)
at org.openqa.selenium.remote.RemoteWebDriver.get(RemoteWebDriver.java:330)
at org.openqa.selenium.remote.RemoteWebDriver$RemoteNavigation.to(RemoteWebDriver.java:1022)
at interviewProject.testTaskFourUploadingImageTest.initialize(testTaskFourUploadingImageTest.java:23)
... Removed 34 stack frames]]>
    </failure>
  </testcase> <!-- @BeforeTest initialize -->
  <testcase classname="interviewProject.testingTaskOneSearchingSeleniumTutorialTest" name="@BeforeTest initialize" time="-1.651298470252E9">
    <skipped/>
  </testcase> <!-- @BeforeTest initialize -->
  <testcase classname="interviewProject.testingtaskThreeTablesAssertingTest" name="@BeforeTest initialize" time="-1.651298470252E9">
    <skipped/>
  </testcase> <!-- @BeforeTest initialize -->
  <testcase classname="interviewProject.testApiTest" name="@AfterTest teardown" time="-1.651298470279E9">
    <skipped/>
  </testcase> <!-- @AfterTest teardown -->
  <testcase classname="interviewProject.testCheckBoxSecondTaskTest" name="@AfterTest teardown" time="-1.65129847028E9">
    <skipped/>
  </testcase> <!-- @AfterTest teardown -->
  <testcase classname="interviewProject.testTaskFourUploadingImageTest" name="@AfterTest teardown" time="-1.65129847028E9">
    <skipped/>
  </testcase> <!-- @AfterTest teardown -->
  <testcase classname="interviewProject.testingTaskOneSearchingSeleniumTutorialTest" name="@AfterTest teardown" time="-1.65129847028E9">
    <skipped/>
  </testcase> <!-- @AfterTest teardown -->
  <testcase classname="interviewProject.testingtaskThreeTablesAssertingTest" name="@AfterTest teardown" time="-1.65129847028E9">
    <skipped/>
  </testcase> <!-- @AfterTest teardown -->
  <testcase classname="interviewProject.testApiTest" name="testingAPI" time="0.0">
    <skipped/>
  </testcase> <!-- testingAPI -->
  <testcase classname="interviewProject.testCheckBoxSecondTaskTest" name="testingCheckBox" time="0.0">
    <skipped/>
  </testcase> <!-- testingCheckBox -->
  <testcase classname="interviewProject.testExcelTaskTest" name="testTaskExcelIntegration" time="0.0">
    <skipped/>
  </testcase> <!-- testTaskExcelIntegration -->
  <testcase classname="interviewProject.testingTaskOneSearchingSeleniumTutorialTest" name="testTaskOneGoogleSearching" time="0.0">
    <skipped/>
  </testcase> <!-- testTaskOneGoogleSearching -->
  <testcase classname="interviewProject.testingTaskOneSearchingSeleniumTutorialTest" name="testTaskOneGoogleSearching" time="0.0">
    <skipped/>
  </testcase> <!-- testTaskOneGoogleSearching -->
  <testcase classname="interviewProject.testingtaskThreeTablesAssertingTest" name="testingCheckBox" time="0.0">
    <skipped/>
  </testcase> <!-- testingCheckBox -->
  <testcase classname="interviewProject.testTaskFourUploadingImageTest" name="testingUploadingImage" time="0.0">
    <skipped/>
  </testcase> <!-- testingUploadingImage -->
</testsuite> <!-- Surefire test -->
