<!DOCTYPE html PUBLIC "-//W3C//DTD XHTML 1.1//EN" "https://www.w3.org/TR/xhtml11/DTD/xhtml11.dtd">
<html xmlns="https://www.w3.org/1999/xhtml">
<head>
<meta http-equiv="content-type" content="text/html; charset=UTF-8"/>
<title>TestNG Report</title>
<style type="text/css">table {margin-bottom:10px;border-collapse:collapse;empty-cells:show}th,td {border:1px solid #009;padding:.25em .5em}th {vertical-align:bottom}td {vertical-align:top}table a {font-weight:bold}.stripe td {background-color: #E6EBF9}.num {text-align:right}.passedodd td {background-color: #3F3}.passedeven td {background-color: #0A0}.skippedodd td {background-color: #DDD}.skippedeven td {background-color: #CCC}.failedodd td,.attn {background-color: #F33}.failedeven td,.stripe .attn {background-color: #D00}.stacktrace {white-space:pre;font-family:monospace}.totop {font-size:85%;text-align:center;border-bottom:2px solid #000}.invisible {display:none}</style>
</head>
<body>
<table>
<tr><th>Test</th><th># Passed</th><th># Skipped</th><th># Retried</th><th># Failed</th><th>Time (ms)</th><th>Included Groups</th><th>Excluded Groups</th></tr>
<tr><th colspan="8">Suite</th></tr>
<tr><td><a href="#t0">Test</a></td><td class="num">6</td><td class="num attn">1</td><td class="num">0</td><td class="num attn">2</td><td class="num">523,827</td><td></td><td></td></tr>
</table>
<table id='summary'><thead><tr><th>Class</th><th>Method</th><th>Start</th><th>Time (ms)</th></tr></thead><tbody><tr><th colspan="4">Suite</th></tr></tbody><tbody id="t0"><tr><th colspan="4">Test &#8212; failed</th></tr><tr class="failedeven"><td rowspan="1">interviewProject.testingTaskOneSearchingSeleniumTutorial1</td><td><a href="#m0">testTaskOneGoogleSearching1</a></td><td rowspan="1">1651304399025</td><td rowspan="1">65730</td></tr><tr class="failedodd"><td rowspan="1">interviewProject.testingTaskOneSearchingSeleniumTutorialTest</td><td><a href="#m1">testTaskOneGoogleSearching</a></td><td rowspan="1">1651304099719</td><td rowspan="1">202380</td></tr><tr><th colspan="4">Test &#8212; skipped</th></tr><tr class="skippedeven"><td rowspan="1">interviewProject.testingtaskThreeTablesAssertingTest</td><td><a href="#m2">testingCheckBox</a></td><td rowspan="1">1651304525881</td><td rowspan="1">0</td></tr><tr><th colspan="4">Test &#8212; passed</th></tr><tr class="passedeven"><td rowspan="1">interviewProject.testApiTest</td><td><a href="#m3">testingAPI</a></td><td rowspan="1">1651304525883</td><td rowspan="1">2560</td></tr><tr class="passedodd"><td rowspan="1">interviewProject.testCheckBoxSecondTaskTest</td><td><a href="#m4">testingCheckBox</a></td><td rowspan="1">1651304525790</td><td rowspan="1">88</td></tr><tr class="passedeven"><td rowspan="1">interviewProject.testExcelTaskTest</td><td><a href="#m5">testTaskExcelIntegration</a></td><td rowspan="1">1651304525204</td><td rowspan="1">585</td></tr><tr class="passedodd"><td rowspan="1">interviewProject.testTaskFourUploadingImageTest</td><td><a href="#m6">testingUploadingImage</a></td><td rowspan="1">1651304523919</td><td rowspan="1">1284</td></tr><tr class="passedeven"><td rowspan="1">interviewProject.testingTaskOneSearchingSeleniumTutorial1</td><td><a href="#m7">testTaskOneGoogleSearching1</a></td><td rowspan="1">1651304478143</td><td rowspan="1">45774</td></tr><tr class="passedodd"><td rowspan="1">interviewProject.testingTaskOneSearchingSeleniumTutorialTest</td><td><a href="#m8">testTaskOneGoogleSearching</a></td><td rowspan="1">1651304056451</td><td rowspan="1">43263</td></tr></tbody>
</table>
<h2>Test</h2><h3 id="m0">interviewProject.testingTaskOneSearchingSeleniumTutorial1#testTaskOneGoogleSearching1</h3><table class="result"><tr class="param"><th>Parameter #1</th><th>Parameter #2</th></tr><tr class="param stripe"><td>Selenium Tutorial - javatpoint</td><td>https://www.javatpoint.com/selenium-tutorial</td></tr><tr><th colspan="2">Exception</th></tr><tr><td colspan="2"><div class="stacktrace">org.openqa.selenium.WebDriverException: unknown error: cannot determine loading status
from target frame detached
  (Session info: chrome=100.0.4896.127)
Build info: version: &apos;4.1.3&apos;, revision: &apos;7b1ebf28ef&apos;
System info: host: &apos;DESKTOP-FMKHIRB&apos;, ip: &apos;192.168.1.2&apos;, os.name: &apos;Windows 10&apos;, os.arch: &apos;amd64&apos;, os.version: &apos;10.0&apos;, java.version: &apos;17.0.2&apos;
Driver info: org.openqa.selenium.chrome.ChromeDriver
Command: [b80fd4e24acf395068746242da60d2e0, clickElement {id=34300395-e76d-40f5-9c4b-28e31dab8ede}]
Capabilities {acceptInsecureCerts: false, browserName: chrome, browserVersion: 100.0.4896.127, chrome: {chromedriverVersion: 100.0.4896.60 (6a5d10861ce8..., userDataDir: C:\Users\ok\AppData\Local\T...}, goog:chromeOptions: {debuggerAddress: localhost:59251}, javascriptEnabled: true, networkConnectionEnabled: false, pageLoadStrategy: normal, platform: WINDOWS, platformName: WINDOWS, proxy: Proxy(), se:cdp: ws://localhost:59251/devtoo..., se:cdpVersion: 100.0.4896.127, setWindowRect: true, strictFileInteractability: false, timeouts: {implicit: 0, pageLoad: 300000, script: 30000}, unhandledPromptBehavior: dismiss and notify, webauthn:extension:credBlob: true, webauthn:extension:largeBlob: true, webauthn:virtualAuthenticators: true}
Element: [[ChromeDriver: chrome on WINDOWS (b80fd4e24acf395068746242da60d2e0)] -&gt; xpath: //div[@class=&apos;yuRUbf&apos;] /a  /h3[@class=&apos;LC20lb MBeuO DKV0Md&apos;]]
Session ID: b80fd4e24acf395068746242da60d2e0
	at org.openqa.selenium.remote.codec.w3c.W3CHttpResponseCodec.createException(W3CHttpResponseCodec.java:200)
	at org.openqa.selenium.remote.codec.w3c.W3CHttpResponseCodec.decode(W3CHttpResponseCodec.java:133)
	at org.openqa.selenium.remote.codec.w3c.W3CHttpResponseCodec.decode(W3CHttpResponseCodec.java:53)
	at org.openqa.selenium.remote.HttpCommandExecutor.execute(HttpCommandExecutor.java:184)
	at org.openqa.selenium.remote.service.DriverCommandExecutor.invokeExecute(DriverCommandExecutor.java:167)
	at org.openqa.selenium.remote.service.DriverCommandExecutor.execute(DriverCommandExecutor.java:142)
	at org.openqa.selenium.remote.RemoteWebDriver.execute(RemoteWebDriver.java:567)
	at org.openqa.selenium.remote.RemoteWebElement.execute(RemoteWebElement.java:251)
	at org.openqa.selenium.remote.RemoteWebElement.click(RemoteWebElement.java:77)
	at interviewProject.testingTaskOneSearchingSeleniumTutorial1.testTaskOneGoogleSearching1(testingTaskOneSearchingSeleniumTutorial1.java:45)
	at java.base/java.util.ArrayList.forEach(ArrayList.java:1511)
... Removed 32 stack frames</div></td></tr></table><p class="totop"><a href="#summary">back to summary</a></p>
<h3 id="m1">interviewProject.testingTaskOneSearchingSeleniumTutorialTest#testTaskOneGoogleSearching</h3><table class="result"><tr class="param"><th>Parameter #1</th><th>Parameter #2</th></tr><tr class="param stripe"><td>Selenium Tutorial - Tutorialspoint</td><td>https://www.tutorialspoint.com/selenium/index.htm</td></tr><tr><th colspan="2">Exception</th></tr><tr><td colspan="2"><div class="stacktrace">org.openqa.selenium.TimeoutException: java.util.concurrent.TimeoutException
Build info: version: &apos;4.1.3&apos;, revision: &apos;7b1ebf28ef&apos;
System info: host: &apos;DESKTOP-FMKHIRB&apos;, ip: &apos;192.168.1.2&apos;, os.name: &apos;Windows 10&apos;, os.arch: &apos;amd64&apos;, os.version: &apos;10.0&apos;, java.version: &apos;17.0.2&apos;
Driver info: org.openqa.selenium.chrome.ChromeDriver
Command: [04dce36c9c8089dc4970818603701613, clickElement {id=41355ee0-934a-43b3-990e-1d20cdfcb9e0}]
Capabilities {acceptInsecureCerts: false, browserName: chrome, browserVersion: 100.0.4896.127, chrome: {chromedriverVersion: 100.0.4896.60 (6a5d10861ce8..., userDataDir: C:\Users\ok\AppData\Local\T...}, goog:chromeOptions: {debuggerAddress: localhost:59265}, javascriptEnabled: true, networkConnectionEnabled: false, pageLoadStrategy: normal, platform: WINDOWS, platformName: WINDOWS, proxy: Proxy(), se:cdp: ws://localhost:59265/devtoo..., se:cdpVersion: 100.0.4896.127, setWindowRect: true, strictFileInteractability: false, timeouts: {implicit: 0, pageLoad: 300000, script: 30000}, unhandledPromptBehavior: dismiss and notify, webauthn:extension:credBlob: true, webauthn:extension:largeBlob: true, webauthn:virtualAuthenticators: true}
Element: [[ChromeDriver: chrome on WINDOWS (04dce36c9c8089dc4970818603701613)] -&gt; xpath: //div[@class=&apos;yuRUbf&apos;] /a  /h3[@class=&apos;LC20lb MBeuO DKV0Md&apos;]]
Session ID: 04dce36c9c8089dc4970818603701613
	at org.openqa.selenium.remote.http.netty.NettyHttpHandler.makeCall(NettyHttpHandler.java:72)
	at org.openqa.selenium.remote.http.AddSeleniumUserAgent.lambda$apply$0(AddSeleniumUserAgent.java:42)
	at org.openqa.selenium.remote.http.Filter.lambda$andFinally$1(Filter.java:56)
	at org.openqa.selenium.remote.http.netty.NettyHttpHandler.execute(NettyHttpHandler.java:51)
	at org.openqa.selenium.remote.http.AddSeleniumUserAgent.lambda$apply$0(AddSeleniumUserAgent.java:42)
	at org.openqa.selenium.remote.http.Filter.lambda$andFinally$1(Filter.java:56)
	at org.openqa.selenium.remote.http.netty.NettyClient.execute(NettyClient.java:124)
	at org.openqa.selenium.remote.HttpCommandExecutor.execute(HttpCommandExecutor.java:181)
	at org.openqa.selenium.remote.service.DriverCommandExecutor.invokeExecute(DriverCommandExecutor.java:167)
	at org.openqa.selenium.remote.service.DriverCommandExecutor.execute(DriverCommandExecutor.java:142)
	at org.openqa.selenium.remote.RemoteWebDriver.execute(RemoteWebDriver.java:567)
	at org.openqa.selenium.remote.RemoteWebElement.execute(RemoteWebElement.java:251)
	at org.openqa.selenium.remote.RemoteWebElement.click(RemoteWebElement.java:77)
	at pageObjects.taskOneSearchingSeleniumTutorial.achieving(taskOneSearchingSeleniumTutorial.java:41)
	at interviewProject.testingTaskOneSearchingSeleniumTutorialTest.testTaskOneGoogleSearching(testingTaskOneSearchingSeleniumTutorialTest.java:37)
	at java.base/java.util.ArrayList.forEach(ArrayList.java:1511)
Caused by: java.util.concurrent.TimeoutException
	at java.base/java.util.concurrent.CompletableFuture.timedGet(CompletableFuture.java:1960)
	at java.base/java.util.concurrent.CompletableFuture.get(CompletableFuture.java:2095)
	at org.asynchttpclient.netty.NettyResponseFuture.get(NettyResponseFuture.java:206)
	at org.openqa.selenium.remote.http.netty.NettyHttpHandler.makeCall(NettyHttpHandler.java:66)
	... 42 more
... Removed 27 stack frames</div></td></tr></table><p class="totop"><a href="#summary">back to summary</a></p>
<h3 id="m2">interviewProject.testingtaskThreeTablesAssertingTest#testingCheckBox</h3><table class="result"><tr><th>Exception</th></tr><tr><td><div class="stacktrace">java.lang.RuntimeException: java.lang.ArrayIndexOutOfBoundsException: Index 1 out of bounds for length 1
	at java.base/java.util.ArrayList.forEach(ArrayList.java:1511)
Caused by: java.lang.ArrayIndexOutOfBoundsException: Index 1 out of bounds for length 1
	at interviewProject.testingtaskThreeTablesAssertingTest.getData(testingtaskThreeTablesAssertingTest.java:40)
	... 25 more
... Removed 32 stack frames</div></td></tr></table><p class="totop"><a href="#summary">back to summary</a></p>
<h3 id="m3">interviewProject.testApiTest#testingAPI</h3><table class="result"><tr><th class="invisible"/></tr></table><p class="totop"><a href="#summary">back to summary</a></p>
<h3 id="m4">interviewProject.testCheckBoxSecondTaskTest#testingCheckBox</h3><table class="result"><tr><th class="invisible"/></tr></table><p class="totop"><a href="#summary">back to summary</a></p>
<h3 id="m5">interviewProject.testExcelTaskTest#testTaskExcelIntegration</h3><table class="result"><tr class="param"><th>Parameter #1</th><th>Parameter #2</th><th>Parameter #3</th><th>Parameter #4</th><th>Parameter #5</th></tr><tr class="param stripe"><td>.\Excel\gantt-chart_L.xlsx</td><td>GanttChart</td><td>[Project Name] Project Schedule</td><td>WBS</td><td>36</td></tr></table><p class="totop"><a href="#summary">back to summary</a></p>
<h3 id="m6">interviewProject.testTaskFourUploadingImageTest#testingUploadingImage</h3><table class="result"><tr><th class="invisible"/></tr></table><p class="totop"><a href="#summary">back to summary</a></p>
<h3 id="m7">interviewProject.testingTaskOneSearchingSeleniumTutorial1#testTaskOneGoogleSearching1</h3><table class="result"><tr class="param"><th>Parameter #1</th><th>Parameter #2</th></tr><tr class="param stripe"><td>Selenium Tutorial - Tutorialspoint</td><td>https://www.tutorialspoint.com/selenium/index.htm</td></tr></table><p class="totop"><a href="#summary">back to summary</a></p>
<h3 id="m8">interviewProject.testingTaskOneSearchingSeleniumTutorialTest#testTaskOneGoogleSearching</h3><table class="result"><tr class="param"><th>Parameter #1</th><th>Parameter #2</th></tr><tr class="param stripe"><td>Selenium Tutorial - javatpoint</td><td>https://www.javatpoint.com/selenium-tutorial</td></tr></table><p class="totop"><a href="#summary">back to summary</a></p>
</body>
</html>
