<?xml version="1.0" encoding="UTF-8"?>
<testng-results ignored="0" total="9" passed="6" failed="2" skipped="1">
  <reporter-output>
  </reporter-output>
  <suite started-at="2022-04-30T09:33:44 EET" name="Suite" finished-at="2022-04-30T09:42:28 EET" duration-ms="523827">
    <groups>
    </groups>
    <test started-at="2022-04-30T09:33:44 EET" name="Test" finished-at="2022-04-30T09:42:28 EET" duration-ms="523827">
      <class name="interviewProject.testExcelTaskTest">
        <test-method signature="testTaskExcelIntegration(java.lang.String,java.lang.String,java.lang.String,java.lang.String,int)[pri:0, instance:interviewProject.testExcelTaskTest@4f5991f6]" started-at="2022-04-30T09:42:05 EET" name="testTaskExcelIntegration" data-provider="getData" finished-at="2022-04-30T09:42:05 EET" duration-ms="585" status="PASS">
          <params>
            <param index="0">
              <value>
                <![CDATA[.\Excel\gantt-chart_L.xlsx]]>
              </value>
            </param>
            <param index="1">
              <value>
                <![CDATA[GanttChart]]>
              </value>
            </param>
            <param index="2">
              <value>
                <![CDATA[[Project Name] Project Schedule]]>
              </value>
            </param>
            <param index="3">
              <value>
                <![CDATA[WBS]]>
              </value>
            </param>
            <param index="4">
              <value>
                <![CDATA[36]]>
              </value>
            </param>
          </params>
          <reporter-output>
          </reporter-output>
        </test-method> <!-- testTaskExcelIntegration -->
      </class> <!-- interviewProject.testExcelTaskTest -->
      <class name="interviewProject.testingTaskOneSearchingSeleniumTutorialTest">
        <test-method is-config="true" signature="initialize()[pri:0, instance:interviewProject.testingTaskOneSearchingSeleniumTutorialTest@39de3d36]" started-at="2022-04-30T09:34:06 EET" name="initialize" finished-at="2022-04-30T09:34:07 EET" duration-ms="628" status="PASS">
          <reporter-output>
          </reporter-output>
        </test-method> <!-- initialize -->
        <test-method signature="testTaskOneGoogleSearching(java.lang.String,java.lang.String)[pri:0, instance:interviewProject.testingTaskOneSearchingSeleniumTutorialTest@39de3d36]" started-at="2022-04-30T09:34:16 EET" name="testTaskOneGoogleSearching" data-provider="getData" finished-at="2022-04-30T09:34:59 EET" duration-ms="43263" status="PASS">
          <params>
            <param index="0">
              <value>
                <![CDATA[Selenium Tutorial - javatpoint]]>
              </value>
            </param>
            <param index="1">
              <value>
                <![CDATA[https://www.javatpoint.com/selenium-tutorial]]>
              </value>
            </param>
          </params>
          <reporter-output>
          </reporter-output>
        </test-method> <!-- testTaskOneGoogleSearching -->
        <test-method signature="testTaskOneGoogleSearching(java.lang.String,java.lang.String)[pri:0, instance:interviewProject.testingTaskOneSearchingSeleniumTutorialTest@39de3d36]" started-at="2022-04-30T09:34:59 EET" name="testTaskOneGoogleSearching" data-provider="getData" finished-at="2022-04-30T09:38:22 EET" duration-ms="202380" status="FAIL">
          <params>
            <param index="0">
              <value>
                <![CDATA[Selenium Tutorial - Tutorialspoint]]>
              </value>
            </param>
            <param index="1">
              <value>
                <![CDATA[https://www.tutorialspoint.com/selenium/index.htm]]>
              </value>
            </param>
          </params>
          <exception class="org.openqa.selenium.TimeoutException">
            <message>
              <![CDATA[java.util.concurrent.TimeoutException
Build info: version: '4.1.3', revision: '7b1ebf28ef'
System info: host: 'DESKTOP-FMKHIRB', ip: '192.168.1.2', os.name: 'Windows 10', os.arch: 'amd64', os.version: '10.0', java.version: '17.0.2'
Driver info: org.openqa.selenium.chrome.ChromeDriver
Command: [04dce36c9c8089dc4970818603701613, clickElement {id=41355ee0-934a-43b3-990e-1d20cdfcb9e0}]
Capabilities {acceptInsecureCerts: false, browserName: chrome, browserVersion: 100.0.4896.127, chrome: {chromedriverVersion: 100.0.4896.60 (6a5d10861ce8..., userDataDir: C:\Users\ok\AppData\Local\T...}, goog:chromeOptions: {debuggerAddress: localhost:59265}, javascriptEnabled: true, networkConnectionEnabled: false, pageLoadStrategy: normal, platform: WINDOWS, platformName: WINDOWS, proxy: Proxy(), se:cdp: ws://localhost:59265/devtoo..., se:cdpVersion: 100.0.4896.127, setWindowRect: true, strictFileInteractability: false, timeouts: {implicit: 0, pageLoad: 300000, script: 30000}, unhandledPromptBehavior: dismiss and notify, webauthn:extension:credBlob: true, webauthn:extension:largeBlob: true, webauthn:virtualAuthenticators: true}
Element: [[ChromeDriver: chrome on WINDOWS (04dce36c9c8089dc4970818603701613)] -> xpath: //div[@class='yuRUbf'] /a  /h3[@class='LC20lb MBeuO DKV0Md']]
Session ID: 04dce36c9c8089dc4970818603701613]]>
            </message>
            <full-stacktrace>
              <![CDATA[org.openqa.selenium.TimeoutException: java.util.concurrent.TimeoutException
Build info: version: '4.1.3', revision: '7b1ebf28ef'
System info: host: 'DESKTOP-FMKHIRB', ip: '192.168.1.2', os.name: 'Windows 10', os.arch: 'amd64', os.version: '10.0', java.version: '17.0.2'
Driver info: org.openqa.selenium.chrome.ChromeDriver
Command: [04dce36c9c8089dc4970818603701613, clickElement {id=41355ee0-934a-43b3-990e-1d20cdfcb9e0}]
Capabilities {acceptInsecureCerts: false, browserName: chrome, browserVersion: 100.0.4896.127, chrome: {chromedriverVersion: 100.0.4896.60 (6a5d10861ce8..., userDataDir: C:\Users\ok\AppData\Local\T...}, goog:chromeOptions: {debuggerAddress: localhost:59265}, javascriptEnabled: true, networkConnectionEnabled: false, pageLoadStrategy: normal, platform: WINDOWS, platformName: WINDOWS, proxy: Proxy(), se:cdp: ws://localhost:59265/devtoo..., se:cdpVersion: 100.0.4896.127, setWindowRect: true, strictFileInteractability: false, timeouts: {implicit: 0, pageLoad: 300000, script: 30000}, unhandledPromptBehavior: dismiss and notify, webauthn:extension:credBlob: true, webauthn:extension:largeBlob: true, webauthn:virtualAuthenticators: true}
Element: [[ChromeDriver: chrome on WINDOWS (04dce36c9c8089dc4970818603701613)] -> xpath: //div[@class='yuRUbf'] /a  /h3[@class='LC20lb MBeuO DKV0Md']]
Session ID: 04dce36c9c8089dc4970818603701613
at org.openqa.selenium.remote.http.netty.NettyHttpHandler.makeCall(NettyHttpHandler.java:72)
at org.openqa.selenium.remote.http.AddSeleniumUserAgent.lambda$apply$0(AddSeleniumUserAgent.java:42)
at org.openqa.selenium.remote.http.Filter.lambda$andFinally$1(Filter.java:56)
at org.openqa.selenium.remote.http.netty.NettyHttpHandler.execute(NettyHttpHandler.java:51)
at org.openqa.selenium.remote.http.AddSeleniumUserAgent.lambda$apply$0(AddSeleniumUserAgent.java:42)
at org.openqa.selenium.remote.http.Filter.lambda$andFinally$1(Filter.java:56)
at org.openqa.selenium.remote.http.netty.NettyClient.execute(NettyClient.java:124)
at org.openqa.selenium.remote.HttpCommandExecutor.execute(HttpCommandExecutor.java:181)
at org.openqa.selenium.remote.service.DriverCommandExecutor.invokeExecute(DriverCommandExecutor.java:167)
at org.openqa.selenium.remote.service.DriverCommandExecutor.execute(DriverCommandExecutor.java:142)
at org.openqa.selenium.remote.RemoteWebDriver.execute(RemoteWebDriver.java:567)
at org.openqa.selenium.remote.RemoteWebElement.execute(RemoteWebElement.java:251)
at org.openqa.selenium.remote.RemoteWebElement.click(RemoteWebElement.java:77)
at pageObjects.taskOneSearchingSeleniumTutorial.achieving(taskOneSearchingSeleniumTutorial.java:41)
at interviewProject.testingTaskOneSearchingSeleniumTutorialTest.testTaskOneGoogleSearching(testingTaskOneSearchingSeleniumTutorialTest.java:37)
at java.base/jdk.internal.reflect.NativeMethodAccessorImpl.invoke0(Native Method)
at java.base/jdk.internal.reflect.NativeMethodAccessorImpl.invoke(NativeMethodAccessorImpl.java:77)
at java.base/jdk.internal.reflect.DelegatingMethodAccessorImpl.invoke(DelegatingMethodAccessorImpl.java:43)
at java.base/java.lang.reflect.Method.invoke(Method.java:568)
at org.testng.internal.MethodInvocationHelper.invokeMethod(MethodInvocationHelper.java:133)
at org.testng.internal.TestInvoker.invokeMethod(TestInvoker.java:598)
at org.testng.internal.TestInvoker.invokeTestMethod(TestInvoker.java:173)
at org.testng.internal.MethodRunner.runInSequence(MethodRunner.java:46)
at org.testng.internal.TestInvoker$MethodInvocationAgent.invoke(TestInvoker.java:824)
at org.testng.internal.TestInvoker.invokeTestMethods(TestInvoker.java:146)
at org.testng.internal.TestMethodWorker.invokeTestMethods(TestMethodWorker.java:146)
at org.testng.internal.TestMethodWorker.run(TestMethodWorker.java:128)
at java.base/java.util.ArrayList.forEach(ArrayList.java:1511)
at org.testng.TestRunner.privateRun(TestRunner.java:794)
at org.testng.TestRunner.run(TestRunner.java:596)
at org.testng.SuiteRunner.runTest(SuiteRunner.java:377)
at org.testng.SuiteRunner.runSequentially(SuiteRunner.java:371)
at org.testng.SuiteRunner.privateRun(SuiteRunner.java:332)
at org.testng.SuiteRunner.run(SuiteRunner.java:276)
at org.testng.SuiteRunnerWorker.runSuite(SuiteRunnerWorker.java:53)
at org.testng.SuiteRunnerWorker.run(SuiteRunnerWorker.java:96)
at org.testng.TestNG.runSuitesSequentially(TestNG.java:1212)
at org.testng.TestNG.runSuitesLocally(TestNG.java:1134)
at org.testng.TestNG.runSuites(TestNG.java:1063)
at org.testng.TestNG.run(TestNG.java:1031)
at org.testng.remote.AbstractRemoteTestNG.run(AbstractRemoteTestNG.java:115)
at org.testng.remote.RemoteTestNG.initAndRun(RemoteTestNG.java:251)
at org.testng.remote.RemoteTestNG.main(RemoteTestNG.java:77)
Caused by: java.util.concurrent.TimeoutException
at java.base/java.util.concurrent.CompletableFuture.timedGet(CompletableFuture.java:1960)
at java.base/java.util.concurrent.CompletableFuture.get(CompletableFuture.java:2095)
at org.asynchttpclient.netty.NettyResponseFuture.get(NettyResponseFuture.java:206)
at org.openqa.selenium.remote.http.netty.NettyHttpHandler.makeCall(NettyHttpHandler.java:66)
... 42 more
]]>
            </full-stacktrace>
          </exception> <!-- org.openqa.selenium.TimeoutException -->
          <reporter-output>
          </reporter-output>
        </test-method> <!-- testTaskOneGoogleSearching -->
        <test-method is-config="true" signature="teardown()[pri:0, instance:interviewProject.testingTaskOneSearchingSeleniumTutorialTest@39de3d36]" started-at="2022-04-30T09:42:21 EET" name="teardown" finished-at="2022-04-30T09:42:25 EET" duration-ms="3302" status="PASS">
          <reporter-output>
          </reporter-output>
        </test-method> <!-- teardown -->
      </class> <!-- interviewProject.testingTaskOneSearchingSeleniumTutorialTest -->
      <class name="interviewProject.testingTaskOneSearchingSeleniumTutorial1">
        <test-method is-config="true" signature="initialize()[pri:0, instance:interviewProject.testingTaskOneSearchingSeleniumTutorial1@5a755cc1]" started-at="2022-04-30T09:34:06 EET" name="initialize" finished-at="2022-04-30T09:34:06 EET" duration-ms="618" status="PASS">
          <reporter-output>
          </reporter-output>
        </test-method> <!-- initialize -->
        <test-method signature="testTaskOneGoogleSearching1(java.lang.String,java.lang.String)[pri:0, instance:interviewProject.testingTaskOneSearchingSeleniumTutorial1@5a755cc1]" started-at="2022-04-30T09:39:59 EET" name="testTaskOneGoogleSearching1" data-provider="getData" finished-at="2022-04-30T09:41:04 EET" duration-ms="65730" status="FAIL">
          <params>
            <param index="0">
              <value>
                <![CDATA[Selenium Tutorial - javatpoint]]>
              </value>
            </param>
            <param index="1">
              <value>
                <![CDATA[https://www.javatpoint.com/selenium-tutorial]]>
              </value>
            </param>
          </params>
          <exception class="org.openqa.selenium.WebDriverException">
            <message>
              <![CDATA[unknown error: cannot determine loading status
from target frame detached
  (Session info: chrome=100.0.4896.127)
Build info: version: '4.1.3', revision: '7b1ebf28ef'
System info: host: 'DESKTOP-FMKHIRB', ip: '192.168.1.2', os.name: 'Windows 10', os.arch: 'amd64', os.version: '10.0', java.version: '17.0.2'
Driver info: org.openqa.selenium.chrome.ChromeDriver
Command: [b80fd4e24acf395068746242da60d2e0, clickElement {id=34300395-e76d-40f5-9c4b-28e31dab8ede}]
Capabilities {acceptInsecureCerts: false, browserName: chrome, browserVersion: 100.0.4896.127, chrome: {chromedriverVersion: 100.0.4896.60 (6a5d10861ce8..., userDataDir: C:\Users\ok\AppData\Local\T...}, goog:chromeOptions: {debuggerAddress: localhost:59251}, javascriptEnabled: true, networkConnectionEnabled: false, pageLoadStrategy: normal, platform: WINDOWS, platformName: WINDOWS, proxy: Proxy(), se:cdp: ws://localhost:59251/devtoo..., se:cdpVersion: 100.0.4896.127, setWindowRect: true, strictFileInteractability: false, timeouts: {implicit: 0, pageLoad: 300000, script: 30000}, unhandledPromptBehavior: dismiss and notify, webauthn:extension:credBlob: true, webauthn:extension:largeBlob: true, webauthn:virtualAuthenticators: true}
Element: [[ChromeDriver: chrome on WINDOWS (b80fd4e24acf395068746242da60d2e0)] -> xpath: //div[@class='yuRUbf'] /a  /h3[@class='LC20lb MBeuO DKV0Md']]
Session ID: b80fd4e24acf395068746242da60d2e0]]>
            </message>
            <full-stacktrace>
              <![CDATA[org.openqa.selenium.WebDriverException: unknown error: cannot determine loading status
from target frame detached
  (Session info: chrome=100.0.4896.127)
Build info: version: '4.1.3', revision: '7b1ebf28ef'
System info: host: 'DESKTOP-FMKHIRB', ip: '192.168.1.2', os.name: 'Windows 10', os.arch: 'amd64', os.version: '10.0', java.version: '17.0.2'
Driver info: org.openqa.selenium.chrome.ChromeDriver
Command: [b80fd4e24acf395068746242da60d2e0, clickElement {id=34300395-e76d-40f5-9c4b-28e31dab8ede}]
Capabilities {acceptInsecureCerts: false, browserName: chrome, browserVersion: 100.0.4896.127, chrome: {chromedriverVersion: 100.0.4896.60 (6a5d10861ce8..., userDataDir: C:\Users\ok\AppData\Local\T...}, goog:chromeOptions: {debuggerAddress: localhost:59251}, javascriptEnabled: true, networkConnectionEnabled: false, pageLoadStrategy: normal, platform: WINDOWS, platformName: WINDOWS, proxy: Proxy(), se:cdp: ws://localhost:59251/devtoo..., se:cdpVersion: 100.0.4896.127, setWindowRect: true, strictFileInteractability: false, timeouts: {implicit: 0, pageLoad: 300000, script: 30000}, unhandledPromptBehavior: dismiss and notify, webauthn:extension:credBlob: true, webauthn:extension:largeBlob: true, webauthn:virtualAuthenticators: true}
Element: [[ChromeDriver: chrome on WINDOWS (b80fd4e24acf395068746242da60d2e0)] -> xpath: //div[@class='yuRUbf'] /a  /h3[@class='LC20lb MBeuO DKV0Md']]
Session ID: b80fd4e24acf395068746242da60d2e0
at java.base/jdk.internal.reflect.NativeConstructorAccessorImpl.newInstance0(Native Method)
at java.base/jdk.internal.reflect.NativeConstructorAccessorImpl.newInstance(NativeConstructorAccessorImpl.java:77)
at java.base/jdk.internal.reflect.DelegatingConstructorAccessorImpl.newInstance(DelegatingConstructorAccessorImpl.java:45)
at java.base/java.lang.reflect.Constructor.newInstanceWithCaller(Constructor.java:499)
at java.base/java.lang.reflect.Constructor.newInstance(Constructor.java:480)
at org.openqa.selenium.remote.codec.w3c.W3CHttpResponseCodec.createException(W3CHttpResponseCodec.java:200)
at org.openqa.selenium.remote.codec.w3c.W3CHttpResponseCodec.decode(W3CHttpResponseCodec.java:133)
at org.openqa.selenium.remote.codec.w3c.W3CHttpResponseCodec.decode(W3CHttpResponseCodec.java:53)
at org.openqa.selenium.remote.HttpCommandExecutor.execute(HttpCommandExecutor.java:184)
at org.openqa.selenium.remote.service.DriverCommandExecutor.invokeExecute(DriverCommandExecutor.java:167)
at org.openqa.selenium.remote.service.DriverCommandExecutor.execute(DriverCommandExecutor.java:142)
at org.openqa.selenium.remote.RemoteWebDriver.execute(RemoteWebDriver.java:567)
at org.openqa.selenium.remote.RemoteWebElement.execute(RemoteWebElement.java:251)
at org.openqa.selenium.remote.RemoteWebElement.click(RemoteWebElement.java:77)
at interviewProject.testingTaskOneSearchingSeleniumTutorial1.testTaskOneGoogleSearching1(testingTaskOneSearchingSeleniumTutorial1.java:45)
at java.base/jdk.internal.reflect.NativeMethodAccessorImpl.invoke0(Native Method)
at java.base/jdk.internal.reflect.NativeMethodAccessorImpl.invoke(NativeMethodAccessorImpl.java:77)
at java.base/jdk.internal.reflect.DelegatingMethodAccessorImpl.invoke(DelegatingMethodAccessorImpl.java:43)
at java.base/java.lang.reflect.Method.invoke(Method.java:568)
at org.testng.internal.MethodInvocationHelper.invokeMethod(MethodInvocationHelper.java:133)
at org.testng.internal.TestInvoker.invokeMethod(TestInvoker.java:598)
at org.testng.internal.TestInvoker.invokeTestMethod(TestInvoker.java:173)
at org.testng.internal.MethodRunner.runInSequence(MethodRunner.java:46)
at org.testng.internal.TestInvoker$MethodInvocationAgent.invoke(TestInvoker.java:824)
at org.testng.internal.TestInvoker.invokeTestMethods(TestInvoker.java:146)
at org.testng.internal.TestMethodWorker.invokeTestMethods(TestMethodWorker.java:146)
at org.testng.internal.TestMethodWorker.run(TestMethodWorker.java:128)
at java.base/java.util.ArrayList.forEach(ArrayList.java:1511)
at org.testng.TestRunner.privateRun(TestRunner.java:794)
at org.testng.TestRunner.run(TestRunner.java:596)
at org.testng.SuiteRunner.runTest(SuiteRunner.java:377)
at org.testng.SuiteRunner.runSequentially(SuiteRunner.java:371)
at org.testng.SuiteRunner.privateRun(SuiteRunner.java:332)
at org.testng.SuiteRunner.run(SuiteRunner.java:276)
at org.testng.SuiteRunnerWorker.runSuite(SuiteRunnerWorker.java:53)
at org.testng.SuiteRunnerWorker.run(SuiteRunnerWorker.java:96)
at org.testng.TestNG.runSuitesSequentially(TestNG.java:1212)
at org.testng.TestNG.runSuitesLocally(TestNG.java:1134)
at org.testng.TestNG.runSuites(TestNG.java:1063)
at org.testng.TestNG.run(TestNG.java:1031)
at org.testng.remote.AbstractRemoteTestNG.run(AbstractRemoteTestNG.java:115)
at org.testng.remote.RemoteTestNG.initAndRun(RemoteTestNG.java:251)
at org.testng.remote.RemoteTestNG.main(RemoteTestNG.java:77)
]]>
            </full-stacktrace>
          </exception> <!-- org.openqa.selenium.WebDriverException -->
          <reporter-output>
          </reporter-output>
        </test-method> <!-- testTaskOneGoogleSearching1 -->
        <test-method signature="testTaskOneGoogleSearching1(java.lang.String,java.lang.String)[pri:0, instance:interviewProject.testingTaskOneSearchingSeleniumTutorial1@5a755cc1]" started-at="2022-04-30T09:41:18 EET" name="testTaskOneGoogleSearching1" data-provider="getData" finished-at="2022-04-30T09:42:03 EET" duration-ms="45774" status="PASS">
          <params>
            <param index="0">
              <value>
                <![CDATA[Selenium Tutorial - Tutorialspoint]]>
              </value>
            </param>
            <param index="1">
              <value>
                <![CDATA[https://www.tutorialspoint.com/selenium/index.htm]]>
              </value>
            </param>
          </params>
          <reporter-output>
          </reporter-output>
        </test-method> <!-- testTaskOneGoogleSearching1 -->
        <test-method is-config="true" signature="teardown()[pri:0, instance:interviewProject.testingTaskOneSearchingSeleniumTutorial1@5a755cc1]" started-at="2022-04-30T09:42:18 EET" name="teardown" finished-at="2022-04-30T09:42:21 EET" duration-ms="3422" status="PASS">
          <reporter-output>
          </reporter-output>
        </test-method> <!-- teardown -->
      </class> <!-- interviewProject.testingTaskOneSearchingSeleniumTutorial1 -->
      <class name="interviewProject.testTaskFourUploadingImageTest">
        <test-method is-config="true" signature="initialize()[pri:0, instance:interviewProject.testTaskFourUploadingImageTest@7ae42ce3]" started-at="2022-04-30T09:33:56 EET" name="initialize" finished-at="2022-04-30T09:34:06 EET" duration-ms="9182" status="PASS">
          <reporter-output>
          </reporter-output>
        </test-method> <!-- initialize -->
        <test-method signature="testingUploadingImage()[pri:0, instance:interviewProject.testTaskFourUploadingImageTest@7ae42ce3]" started-at="2022-04-30T09:42:03 EET" name="testingUploadingImage" finished-at="2022-04-30T09:42:05 EET" duration-ms="1284" status="PASS">
          <reporter-output>
          </reporter-output>
        </test-method> <!-- testingUploadingImage -->
        <test-method is-config="true" signature="teardown()[pri:0, instance:interviewProject.testTaskFourUploadingImageTest@7ae42ce3]" started-at="2022-04-30T09:42:15 EET" name="teardown" finished-at="2022-04-30T09:42:18 EET" duration-ms="3371" status="PASS">
          <reporter-output>
          </reporter-output>
        </test-method> <!-- teardown -->
      </class> <!-- interviewProject.testTaskFourUploadingImageTest -->
      <class name="interviewProject.testCheckBoxSecondTaskTest">
        <test-method is-config="true" signature="initialize()[pri:0, instance:interviewProject.testCheckBoxSecondTaskTest@484094a5]" started-at="2022-04-30T09:33:47 EET" name="initialize" finished-at="2022-04-30T09:33:56 EET" duration-ms="9647" status="PASS">
          <reporter-output>
          </reporter-output>
        </test-method> <!-- initialize -->
        <test-method signature="testingCheckBox()[pri:0, instance:interviewProject.testCheckBoxSecondTaskTest@484094a5]" started-at="2022-04-30T09:42:05 EET" name="testingCheckBox" finished-at="2022-04-30T09:42:05 EET" duration-ms="88" status="PASS">
          <reporter-output>
          </reporter-output>
        </test-method> <!-- testingCheckBox -->
        <test-method is-config="true" signature="teardown()[pri:0, instance:interviewProject.testCheckBoxSecondTaskTest@484094a5]" started-at="2022-04-30T09:42:11 EET" name="teardown" finished-at="2022-04-30T09:42:15 EET" duration-ms="3336" status="PASS">
          <reporter-output>
          </reporter-output>
        </test-method> <!-- teardown -->
      </class> <!-- interviewProject.testCheckBoxSecondTaskTest -->
      <class name="interviewProject.testingtaskThreeTablesAssertingTest">
        <test-method is-config="true" signature="initialize()[pri:0, instance:interviewProject.testingtaskThreeTablesAssertingTest@38234a38]" started-at="2022-04-30T09:34:07 EET" name="initialize" finished-at="2022-04-30T09:34:16 EET" duration-ms="9008" status="PASS">
          <reporter-output>
          </reporter-output>
        </test-method> <!-- initialize -->
        <test-method signature="testingCheckBox(java.lang.String,java.lang.String)[pri:0, instance:interviewProject.testingtaskThreeTablesAssertingTest@38234a38]" started-at="2022-04-30T09:42:05 EET" name="testingCheckBox" data-provider="getData" finished-at="2022-04-30T09:42:05 EET" duration-ms="0" status="SKIP">
          <exception class="java.lang.RuntimeException">
            <message>
              <![CDATA[java.lang.ArrayIndexOutOfBoundsException: Index 1 out of bounds for length 1]]>
            </message>
            <full-stacktrace>
              <![CDATA[java.lang.RuntimeException: java.lang.ArrayIndexOutOfBoundsException: Index 1 out of bounds for length 1
at org.testng.internal.MethodInvocationHelper.invokeMethodNoCheckedException(MethodInvocationHelper.java:50)
at org.testng.internal.MethodInvocationHelper.invokeDataProvider(MethodInvocationHelper.java:146)
at org.testng.internal.Parameters.handleParameters(Parameters.java:798)
at org.testng.internal.Parameters.handleParameters(Parameters.java:740)
at org.testng.internal.ParameterHandler.handleParameters(ParameterHandler.java:59)
at org.testng.internal.ParameterHandler.createParameters(ParameterHandler.java:38)
at org.testng.internal.TestInvoker$MethodInvocationAgent.invoke(TestInvoker.java:791)
at org.testng.internal.TestInvoker.invokeTestMethods(TestInvoker.java:146)
at org.testng.internal.TestMethodWorker.invokeTestMethods(TestMethodWorker.java:146)
at org.testng.internal.TestMethodWorker.run(TestMethodWorker.java:128)
at java.base/java.util.ArrayList.forEach(ArrayList.java:1511)
at org.testng.TestRunner.privateRun(TestRunner.java:794)
at org.testng.TestRunner.run(TestRunner.java:596)
at org.testng.SuiteRunner.runTest(SuiteRunner.java:377)
at org.testng.SuiteRunner.runSequentially(SuiteRunner.java:371)
at org.testng.SuiteRunner.privateRun(SuiteRunner.java:332)
at org.testng.SuiteRunner.run(SuiteRunner.java:276)
at org.testng.SuiteRunnerWorker.runSuite(SuiteRunnerWorker.java:53)
at org.testng.SuiteRunnerWorker.run(SuiteRunnerWorker.java:96)
at org.testng.TestNG.runSuitesSequentially(TestNG.java:1212)
at org.testng.TestNG.runSuitesLocally(TestNG.java:1134)
at org.testng.TestNG.runSuites(TestNG.java:1063)
at org.testng.TestNG.run(TestNG.java:1031)
at org.testng.remote.AbstractRemoteTestNG.run(AbstractRemoteTestNG.java:115)
at org.testng.remote.RemoteTestNG.initAndRun(RemoteTestNG.java:251)
at org.testng.remote.RemoteTestNG.main(RemoteTestNG.java:77)
Caused by: java.lang.ArrayIndexOutOfBoundsException: Index 1 out of bounds for length 1
at interviewProject.testingtaskThreeTablesAssertingTest.getData(testingtaskThreeTablesAssertingTest.java:40)
at java.base/jdk.internal.reflect.NativeMethodAccessorImpl.invoke0(Native Method)
at java.base/jdk.internal.reflect.NativeMethodAccessorImpl.invoke(NativeMethodAccessorImpl.java:77)
at java.base/jdk.internal.reflect.DelegatingMethodAccessorImpl.invoke(DelegatingMethodAccessorImpl.java:43)
at java.base/java.lang.reflect.Method.invoke(Method.java:568)
at org.testng.internal.MethodInvocationHelper.invokeMethod(MethodInvocationHelper.java:133)
at org.testng.internal.MethodInvocationHelper.invokeMethod(MethodInvocationHelper.java:77)
at org.testng.internal.MethodInvocationHelper.invokeMethodNoCheckedException(MethodInvocationHelper.java:46)
... 25 more
]]>
            </full-stacktrace>
          </exception> <!-- java.lang.RuntimeException -->
          <reporter-output>
          </reporter-output>
        </test-method> <!-- testingCheckBox -->
        <test-method is-config="true" signature="teardown()[pri:0, instance:interviewProject.testingtaskThreeTablesAssertingTest@38234a38]" started-at="2022-04-30T09:42:25 EET" name="teardown" finished-at="2022-04-30T09:42:28 EET" duration-ms="3485" status="PASS">
          <reporter-output>
          </reporter-output>
        </test-method> <!-- teardown -->
      </class> <!-- interviewProject.testingtaskThreeTablesAssertingTest -->
      <class name="interviewProject.testApiTest">
        <test-method is-config="true" signature="initialize()[pri:0, instance:interviewProject.testApiTest@63fbfaeb]" started-at="2022-04-30T09:33:44 EET" name="initialize" finished-at="2022-04-30T09:33:47 EET" duration-ms="2454" status="PASS">
          <reporter-output>
          </reporter-output>
        </test-method> <!-- initialize -->
        <test-method signature="testingAPI()[pri:0, instance:interviewProject.testApiTest@63fbfaeb]" started-at="2022-04-30T09:42:05 EET" name="testingAPI" finished-at="2022-04-30T09:42:08 EET" duration-ms="2560" status="PASS">
          <reporter-output>
          </reporter-output>
        </test-method> <!-- testingAPI -->
        <test-method is-config="true" signature="teardown()[pri:0, instance:interviewProject.testApiTest@63fbfaeb]" started-at="2022-04-30T09:42:08 EET" name="teardown" finished-at="2022-04-30T09:42:11 EET" duration-ms="3331" status="PASS">
          <reporter-output>
          </reporter-output>
        </test-method> <!-- teardown -->
      </class> <!-- interviewProject.testApiTest -->
    </test> <!-- Test -->
  </suite> <!-- Suite -->
</testng-results>
